<?xml version="1.0" encoding="UTF-8"?>
<testng-results ignored="0" total="1" passed="1" failed="0" skipped="0">
  <reporter-output>
  </reporter-output>
  <suite started-at="2024-05-12T22:45:19 IST" name="Default suite" finished-at="2024-05-12T22:45:23 IST" duration-ms="4307">
    <groups>
      <group name="cucumber">
        <method signature="AbstractTestNGCucumberTests.runScenario(io.cucumber.testng.PickleWrapper, io.cucumber.testng.FeatureWrapper)[pri:0, instance:runner.TestRunner2@76508ed1]" name="runScenario" class="io.cucumber.testng.AbstractTestNGCucumberTests"/>
      </group> <!-- cucumber -->
    </groups>
    <test started-at="2024-05-12T22:45:19 IST" name="Default test" finished-at="2024-05-12T22:45:23 IST" duration-ms="4307">
      <class name="runner.TestRunner2">
        <test-method is-config="true" signature="setUpClass(org.testng.ITestContext)[pri:0, instance:runner.TestRunner2@76508ed1]" started-at="2024-05-12T22:45:19 IST" name="setUpClass" finished-at="2024-05-12T22:45:19 IST" duration-ms="175" status="PASS">
          <params>
            <param index="0">
              <value>
                <![CDATA[org.testng.TestRunner@4f8caaf3]]>
              </value>
            </param>
          </params>
          <reporter-output>
          </reporter-output>
        </test-method> <!-- setUpClass -->
        <test-method signature="runScenario(io.cucumber.testng.PickleWrapper, io.cucumber.testng.FeatureWrapper)[pri:0, instance:runner.TestRunner2@76508ed1]" started-at="2024-05-12T22:45:19 IST" name="runScenario" description="Runs Cucumber Scenarios" data-provider="scenarios" finished-at="2024-05-12T22:45:23 IST" duration-ms="4101" status="PASS">
          <params>
            <param index="0">
              <value>
                <![CDATA["Login with correct credenatials"]]>
              </value>
            </param>
            <param index="1">
              <value>
                <![CDATA["Login Testcases"]]>
              </value>
            </param>
          </params>
          <reporter-output>
          </reporter-output>
        </test-method> <!-- runScenario -->
        <test-method is-config="true" signature="tearDownClass()[pri:0, instance:runner.TestRunner2@76508ed1]" started-at="2024-05-12T22:45:23 IST" name="tearDownClass" finished-at="2024-05-12T22:45:23 IST" duration-ms="2" status="PASS">
          <reporter-output>
          </reporter-output>
        </test-method> <!-- tearDownClass -->
      </class> <!-- runner.TestRunner2 -->
    </test> <!-- Default test -->
  </suite> <!-- Default suite -->
</testng-results>
